[debug] [2022-02-21T13:28:42.702Z] ----------------------------------------------------------------------
[debug] [2022-02-21T13:28:42.704Z] Command:       /Users/davidecatani/.nvm/versions/node/v16.13.2/bin/node /Users/davidecatani/.nvm/versions/node/v16.13.2/bin/firebase deploy --only hosting
[debug] [2022-02-21T13:28:42.704Z] CLI Version:   10.1.2
[debug] [2022-02-21T13:28:42.704Z] Platform:      darwin
[debug] [2022-02-21T13:28:42.704Z] Node Version:  v16.13.2
[debug] [2022-02-21T13:28:42.709Z] Time:          Mon Feb 21 2022 14:28:42 GMT+0100 (Ora standard dell’Europa centrale)
[debug] [2022-02-21T13:28:42.709Z] ----------------------------------------------------------------------
[debug] 
[debug] [2022-02-21T13:28:42.711Z] >>> [apiv2][query] GET https://firebase-public.firebaseio.com/cli.json [none]
[debug] [2022-02-21T13:28:42.764Z] > command requires scopes: ["email","openid","https://www.googleapis.com/auth/cloudplatformprojects.readonly","https://www.googleapis.com/auth/firebase","https://www.googleapis.com/auth/cloud-platform"]
[debug] [2022-02-21T13:28:42.764Z] > authorizing via signed-in user (dave.catani@gmail.com)
[debug] [2022-02-21T13:28:42.764Z] [iam] checking project ng-course-recipe-book-a8fae for permissions ["firebase.projects.get","firebasehosting.sites.update"]
[debug] [2022-02-21T13:28:42.765Z] > refreshing access token with scopes: ["email","https://www.googleapis.com/auth/cloud-platform","https://www.googleapis.com/auth/cloudplatformprojects.readonly","https://www.googleapis.com/auth/firebase","openid"]
[debug] [2022-02-21T13:28:42.766Z] >>> HTTP REQUEST POST https://www.googleapis.com/oauth2/v3/token  
 <request body omitted>
[debug] [2022-02-21T13:28:42.909Z] <<< HTTP RESPONSE 200 {"date":"Mon, 21 Feb 2022 13:28:42 GMT","pragma":"no-cache","expires":"Mon, 01 Jan 1990 00:00:00 GMT","cache-control":"no-cache, no-store, max-age=0, must-revalidate","content-type":"application/json; charset=utf-8","vary":"X-Origin, Referer, Origin,Accept-Encoding","server":"scaffolding on HTTPServer2","x-xss-protection":"0","x-frame-options":"SAMEORIGIN","x-content-type-options":"nosniff","alt-svc":"h3=\":443\"; ma=2592000,h3-29=\":443\"; ma=2592000,h3-Q050=\":443\"; ma=2592000,h3-Q046=\":443\"; ma=2592000,h3-Q043=\":443\"; ma=2592000,quic=\":443\"; ma=2592000; v=\"46,43\"","accept-ranges":"none","transfer-encoding":"chunked"}
[debug] [2022-02-21T13:28:42.964Z] >>> HTTP REQUEST POST https://cloudresourcemanager.googleapis.com/v1/projects/ng-course-recipe-book-a8fae:testIamPermissions  
 {"permissions":["firebase.projects.get","firebasehosting.sites.update"]}
[debug] [2022-02-21T13:28:43.278Z] <<< [apiv2][status] GET https://firebase-public.firebaseio.com/cli.json 200
[debug] [2022-02-21T13:28:43.278Z] <<< [apiv2][body] GET https://firebase-public.firebaseio.com/cli.json {"cloudBuildErrorAfter":1594252800000,"cloudBuildWarnAfter":1590019200000,"defaultNode10After":1594252800000,"minVersion":"3.0.5","node8DeploysDisabledAfter":1613390400000,"node8RuntimeDisabledAfter":1615809600000,"node8WarnAfter":1600128000000}
[debug] [2022-02-21T13:28:43.761Z] <<< HTTP RESPONSE 200 {"content-type":"application/json; charset=UTF-8","vary":"X-Origin, Referer, Origin,Accept-Encoding","date":"Mon, 21 Feb 2022 13:28:43 GMT","server":"ESF","cache-control":"private","x-xss-protection":"0","x-frame-options":"SAMEORIGIN","x-content-type-options":"nosniff","server-timing":"gfet4t7; dur=659","alt-svc":"h3=\":443\"; ma=2592000,h3-29=\":443\"; ma=2592000,h3-Q050=\":443\"; ma=2592000,h3-Q046=\":443\"; ma=2592000,h3-Q043=\":443\"; ma=2592000,quic=\":443\"; ma=2592000; v=\"46,43\"","accept-ranges":"none","transfer-encoding":"chunked"}
[debug] [2022-02-21T13:28:43.763Z] > refreshing access token with scopes: []
[debug] [2022-02-21T13:28:43.763Z] >>> HTTP REQUEST POST https://www.googleapis.com/oauth2/v3/token  
 <request body omitted>
[debug] [2022-02-21T13:28:43.897Z] <<< HTTP RESPONSE 200 {"date":"Mon, 21 Feb 2022 13:28:43 GMT","expires":"Mon, 01 Jan 1990 00:00:00 GMT","pragma":"no-cache","cache-control":"no-cache, no-store, max-age=0, must-revalidate","content-type":"application/json; charset=utf-8","vary":"X-Origin, Referer, Origin,Accept-Encoding","server":"scaffolding on HTTPServer2","x-xss-protection":"0","x-frame-options":"SAMEORIGIN","x-content-type-options":"nosniff","alt-svc":"h3=\":443\"; ma=2592000,h3-29=\":443\"; ma=2592000,h3-Q050=\":443\"; ma=2592000,h3-Q046=\":443\"; ma=2592000,h3-Q043=\":443\"; ma=2592000,quic=\":443\"; ma=2592000; v=\"46,43\"","accept-ranges":"none","transfer-encoding":"chunked"}
[debug] [2022-02-21T13:28:43.948Z] >>> [apiv2][query] GET https://firebase.googleapis.com/v1beta1/projects/ng-course-recipe-book-a8fae [none]
[debug] [2022-02-21T13:28:44.247Z] <<< [apiv2][status] GET https://firebase.googleapis.com/v1beta1/projects/ng-course-recipe-book-a8fae 200
[debug] [2022-02-21T13:28:44.248Z] <<< [apiv2][body] GET https://firebase.googleapis.com/v1beta1/projects/ng-course-recipe-book-a8fae {"projectId":"ng-course-recipe-book-a8fae","projectNumber":"268056206271","displayName":"ng-course-recipe-book","name":"projects/ng-course-recipe-book-a8fae","resources":{"hostingSite":"ng-course-recipe-book-a8fae","realtimeDatabaseInstance":"ng-course-recipe-book-a8fae-default-rtdb","storageBucket":"ng-course-recipe-book-a8fae.appspot.com","locationId":"europe-west"},"state":"ACTIVE"}
[info] 
[info] === Deploying to 'ng-course-recipe-book-a8fae'...
[info] 
[info] i  deploying hosting 
[debug] [2022-02-21T13:28:44.252Z] > refreshing access token with scopes: ["email","https://www.googleapis.com/auth/cloud-platform","https://www.googleapis.com/auth/cloudplatformprojects.readonly","https://www.googleapis.com/auth/firebase","openid"]
[debug] [2022-02-21T13:28:44.252Z] >>> HTTP REQUEST POST https://www.googleapis.com/oauth2/v3/token  
 <request body omitted>
[debug] [2022-02-21T13:28:44.379Z] <<< HTTP RESPONSE 200 {"pragma":"no-cache","date":"Mon, 21 Feb 2022 13:28:44 GMT","cache-control":"no-cache, no-store, max-age=0, must-revalidate","expires":"Mon, 01 Jan 1990 00:00:00 GMT","content-type":"application/json; charset=utf-8","vary":"X-Origin, Referer, Origin,Accept-Encoding","server":"scaffolding on HTTPServer2","x-xss-protection":"0","x-frame-options":"SAMEORIGIN","x-content-type-options":"nosniff","alt-svc":"h3=\":443\"; ma=2592000,h3-29=\":443\"; ma=2592000,h3-Q050=\":443\"; ma=2592000,h3-Q046=\":443\"; ma=2592000,h3-Q043=\":443\"; ma=2592000,quic=\":443\"; ma=2592000; v=\"46,43\"","accept-ranges":"none","transfer-encoding":"chunked"}
[debug] [2022-02-21T13:28:44.431Z] >>> HTTP REQUEST POST https://firebasehosting.googleapis.com/v1beta1/sites/ng-course-recipe-book-a8fae/versions  
 {"config":{"rewrites":[{"glob":"**","path":"/index.html"}]},"labels":{"deployment-tool":"cli-firebase"}}
